<?xml version="1.0" encoding="UTF-8"?>
<testng-results ignored="0" total="1" passed="1" failed="0" skipped="0">
  <reporter-output>
  </reporter-output>
  <suite started-at="2022-01-24T16:57:32 IST" name="Default suite" finished-at="2022-01-24T17:00:02 IST" duration-ms="149164">
    <groups>
    </groups>
    <test started-at="2022-01-24T16:57:32 IST" name="Default test" finished-at="2022-01-24T17:00:02 IST" duration-ms="149164">
      <class name="scripts.fblike">
        <test-method is-config="true" signature="openApp()[pri:0, instance:scripts.fblike@51dcb805]" started-at="2022-01-24T16:57:32 IST" name="openApp" finished-at="2022-01-24T16:59:08 IST" duration-ms="95695" status="PASS">
          <reporter-output>
          </reporter-output>
        </test-method> <!-- openApp -->
        <test-method signature="tc2()[pri:0, instance:scripts.fblike@51dcb805]" started-at="2022-01-24T16:59:08 IST" name="tc2" finished-at="2022-01-24T16:59:56 IST" duration-ms="47783" status="PASS">
          <reporter-output>
          </reporter-output>
        </test-method> <!-- tc2 -->
        <test-method is-config="true" signature="closeapp(org.testng.ITestResult)[pri:0, instance:scripts.fblike@51dcb805]" started-at="2022-01-24T16:59:56 IST" name="closeapp" finished-at="2022-01-24T17:00:02 IST" duration-ms="5591" status="PASS">
          <params>
            <param index="0">
              <value>
                <![CDATA[[TestResult name=tc2 status=SUCCESS method=fblike.tc2()[pri:0, instance:scripts.fblike@51dcb805] output={null}]]]>
              </value>
            </param>
          </params>
          <reporter-output>
          </reporter-output>
        </test-method> <!-- closeapp -->
      </class> <!-- scripts.fblike -->
    </test> <!-- Default test -->
  </suite> <!-- Default suite -->
</testng-results>
